{
  "RSpec": {
    "coverage": {
      "/var/lib/stickshift/5377deda5973ca0fb6000234/app-root/data/866243/spec/support/utilities.rb": [
        1,
        null,
        1,
        6,
        6,
        6,
        null,
        null,
        1,
        1,
        1,
        null,
        null,
        null,
        1,
        3,
        null,
        3,
        3,
        3,
        null,
        0,
        0,
        0,
        0,
        null,
        null
      ],
      "/var/lib/stickshift/5377deda5973ca0fb6000234/app-root/data/866243/app/controllers/sessions_controller.rb": [
        1,
        null,
        1,
        null,
        null,
        1,
        9,
        9,
        6,
        6,
        null,
        3,
        3,
        null,
        null,
        null,
        1,
        1,
        1,
        null,
        null,
        null
      ],
      "/var/lib/stickshift/5377deda5973ca0fb6000234/app-root/data/866243/app/controllers/application_controller.rb": [
        1,
        null,
        null,
        1,
        1,
        null
      ],
      "/var/lib/stickshift/5377deda5973ca0fb6000234/app-root/data/866243/app/models/user.rb": [
        1,
        21,
        1,
        null,
        1,
        null,
        1,
        1,
        null,
        null,
        1,
        1,
        1,
        null,
        1,
        20,
        null,
        null,
        1,
        57,
        null,
        null,
        1,
        1,
        11,
        null,
        null
      ],
      "/var/lib/stickshift/5377deda5973ca0fb6000234/app-root/data/866243/app/controllers/users_controller.rb": [
        1,
        null,
        1,
        null,
        1,
        6,
        null,
        null,
        1,
        0,
        null,
        null,
        1,
        0,
        0,
        0,
        0,
        0,
        null,
        0,
        null,
        null,
        null,
        1,
        0,
        null,
        null,
        1,
        0,
        0,
        0,
        0,
        null,
        0,
        null,
        null,
        null,
        1,
        null,
        1,
        0,
        null,
        null,
        null,
        null,
        1,
        2,
        null,
        null,
        null
      ],
      "/var/lib/stickshift/5377deda5973ca0fb6000234/app-root/data/866243/app/controllers/static_pages_controller.rb": [
        1,
        1,
        null,
        null,
        1,
        null,
        null,
        1,
        null,
        null,
        1,
        null,
        null
      ]
    },
    "timestamp": 1401181165
  }
}
