{
  "RSpec": {
    "coverage": {
      "/var/lib/stickshift/5377deda5973ca0fb6000234/app-root/data/866243/spec/support/utilities.rb": [
        1,
        null,
        1,
        5,
        5,
        5,
        null,
        null,
        1,
        1,
        1,
        null,
        null
      ],
      "/var/lib/stickshift/5377deda5973ca0fb6000234/app-root/data/866243/app/models/user.rb": [
        1,
        26,
        1,
        null,
        1,
        null,
        1,
        1,
        null,
        null,
        1,
        1,
        1,
        null,
        1,
        25,
        null,
        null,
        1,
        88,
        null,
        null,
        1,
        1,
        16,
        null,
        null
      ],
      "/var/lib/stickshift/5377deda5973ca0fb6000234/app-root/data/866243/spec/requests/authentication_pages_spec.rb": [
        1,
        null,
        1,
        null,
        11,
        null,
        1,
        3,
        null,
        2,
        2,
        null,
        null,
        1,
        9,
        null,
        1,
        4,
        null,
        2,
        null,
        2,
        null,
        1,
        2,
        2,
        null,
        null,
        null,
        1,
        6,
        1,
        null,
        null,
        null,
        5,
        null,
        null,
        2,
        2,
        2,
        2,
        null,
        1,
        2,
        2,
        null,
        null,
        null,
        null
      ],
      "/var/lib/stickshift/5377deda5973ca0fb6000234/app-root/data/866243/spec/requests/static_pages_spec.rb": [
        1,
        null,
        1,
        null,
        10,
        null,
        1,
        4,
        4,
        null,
        null,
        1,
        4,
        2,
        2,
        null,
        1,
        2,
        null,
        null,
        1,
        3,
        2,
        2,
        1,
        null,
        null,
        1,
        3,
        null,
        2,
        2,
        null,
        null,
        1,
        3,
        null,
        2,
        2,
        null,
        null,
        1,
        1,
        1,
        1,
        1,
        1,
        1,
        1,
        1,
        1,
        1,
        1,
        null,
        1,
        1,
        null,
        null,
        null
      ],
      "/var/lib/stickshift/5377deda5973ca0fb6000234/app-root/data/866243/spec/requests/user_pages_spec.rb": [
        1,
        null,
        1,
        null,
        10,
        null,
        1,
        3,
        3,
        null,
        2,
        2,
        null,
        null,
        1,
        3,
        null,
        2,
        2,
        null,
        null,
        1,
        null,
        8,
        null,
        8,
        null,
        1,
        1,
        2,
        null,
        null,
        null,
        1,
        1,
        4,
        4,
        4,
        4,
        null,
        null,
        1,
        2,
        null,
        null,
        1,
        4,
        2,
        null,
        2,
        2,
        2,
        null,
        null,
        null,
        1,
        3,
        null,
        2,
        2,
        null,
        null,
        null
      ],
      "/var/lib/stickshift/5377deda5973ca0fb6000234/app-root/data/866243/app/controllers/sessions_controller.rb": [
        1,
        null,
        1,
        null,
        null,
        1,
        8,
        8,
        5,
        5,
        null,
        3,
        3,
        null,
        null,
        null,
        1,
        1,
        1,
        null,
        null,
        null
      ],
      "/var/lib/stickshift/5377deda5973ca0fb6000234/app-root/data/866243/app/controllers/application_controller.rb": [
        1,
        null,
        null,
        1,
        1,
        null
      ],
      "/var/lib/stickshift/5377deda5973ca0fb6000234/app-root/data/866243/app/controllers/static_pages_controller.rb": [
        1,
        1,
        null,
        null,
        1,
        null,
        null,
        1,
        null,
        null,
        1,
        null,
        null
      ],
      "/var/lib/stickshift/5377deda5973ca0fb6000234/app-root/data/866243/app/controllers/users_controller.rb": [
        1,
        null,
        1,
        11,
        null,
        null,
        1,
        10,
        null,
        null,
        1,
        7,
        7,
        4,
        4,
        4,
        null,
        3,
        null,
        null,
        null,
        1,
        null,
        1,
        7,
        null,
        null,
        null
      ]
    },
    "timestamp": 1400828771
  }
}
